{"level":"info","message":"🚀 Starting eAttestation API Server...","service":"digital-certificate-api","timestamp":"2025-06-25 09:24:09"}
{"level":"info","message":"Environment: development","service":"digital-certificate-api","timestamp":"2025-06-25 09:24:09"}
{"level":"info","message":"Port: 3000","service":"digital-certificate-api","timestamp":"2025-06-25 09:24:09"}
{"level":"info","message":"API Prefix: /api/v1","service":"digital-certificate-api","timestamp":"2025-06-25 09:24:09"}
{"level":"info","message":"✅ Environment variables validated","service":"digital-certificate-api","timestamp":"2025-06-25 09:24:09"}
{"level":"error","message":"❌ Failed to start server:","service":"digital-certificate-api","timestamp":"2025-06-25 09:24:09"}
{"level":"info","message":"🚀 Starting eAttestation API Server...","service":"digital-certificate-api","timestamp":"2025-06-25 09:38:00"}
{"level":"info","message":"Environment: development","service":"digital-certificate-api","timestamp":"2025-06-25 09:38:00"}
{"level":"info","message":"Port: 3000","service":"digital-certificate-api","timestamp":"2025-06-25 09:38:00"}
{"level":"info","message":"API Prefix: /api/v1","service":"digital-certificate-api","timestamp":"2025-06-25 09:38:00"}
{"level":"info","message":"✅ Environment variables validated","service":"digital-certificate-api","timestamp":"2025-06-25 09:38:00"}
{"level":"error","message":"❌ Failed to start server:","service":"digital-certificate-api","timestamp":"2025-06-25 09:38:00"}
{"level":"info","message":"🚀 Starting eAttestation API Server...","service":"digital-certificate-api","timestamp":"2025-06-25 09:39:30"}
{"level":"info","message":"Environment: development","service":"digital-certificate-api","timestamp":"2025-06-25 09:39:30"}
{"level":"info","message":"Port: 3000","service":"digital-certificate-api","timestamp":"2025-06-25 09:39:30"}
{"level":"info","message":"API Prefix: /api/v1","service":"digital-certificate-api","timestamp":"2025-06-25 09:39:30"}
{"level":"info","message":"✅ Environment variables validated","service":"digital-certificate-api","timestamp":"2025-06-25 09:39:30"}
{"level":"error","message":"❌ Failed to start server:","service":"digital-certificate-api","timestamp":"2025-06-25 09:39:30"}
{"level":"info","message":"🚀 Starting eAttestation API Server...","service":"digital-certificate-api","timestamp":"2025-06-25 09:39:38"}
{"level":"info","message":"Environment: development","service":"digital-certificate-api","timestamp":"2025-06-25 09:39:38"}
{"level":"info","message":"Port: 3000","service":"digital-certificate-api","timestamp":"2025-06-25 09:39:38"}
{"level":"info","message":"API Prefix: /api/v1","service":"digital-certificate-api","timestamp":"2025-06-25 09:39:38"}
{"level":"info","message":"✅ Environment variables validated","service":"digital-certificate-api","timestamp":"2025-06-25 09:39:38"}
{"level":"error","message":"❌ Failed to start server:","service":"digital-certificate-api","timestamp":"2025-06-25 09:40:58"}
{"level":"info","message":"🚀 Starting eAttestation API Server...","service":"digital-certificate-api","timestamp":"2025-06-25 09:47:44"}
{"level":"info","message":"Environment: development","service":"digital-certificate-api","timestamp":"2025-06-25 09:47:44"}
{"level":"info","message":"Port: 3000","service":"digital-certificate-api","timestamp":"2025-06-25 09:47:44"}
{"level":"info","message":"API Prefix: /api/v1","service":"digital-certificate-api","timestamp":"2025-06-25 09:47:44"}
{"level":"info","message":"✅ Environment variables validated","service":"digital-certificate-api","timestamp":"2025-06-25 09:47:44"}
{"level":"info","message":"🚀 Starting eAttestation API Server...","service":"digital-certificate-api","timestamp":"2025-06-25 09:48:25"}
{"level":"info","message":"Environment: development","service":"digital-certificate-api","timestamp":"2025-06-25 09:48:25"}
{"level":"info","message":"Port: 3000","service":"digital-certificate-api","timestamp":"2025-06-25 09:48:25"}
{"level":"info","message":"API Prefix: /api/v1","service":"digital-certificate-api","timestamp":"2025-06-25 09:48:25"}
{"level":"info","message":"✅ Environment variables validated","service":"digital-certificate-api","timestamp":"2025-06-25 09:48:25"}
{"level":"error","message":"❌ Failed to start server:","service":"digital-certificate-api","timestamp":"2025-06-25 09:48:25"}
{"level":"info","message":"🚀 Starting eAttestation API Server...","service":"digital-certificate-api","timestamp":"2025-06-25 09:48:40"}
{"level":"info","message":"Environment: development","service":"digital-certificate-api","timestamp":"2025-06-25 09:48:40"}
{"level":"info","message":"Port: 3000","service":"digital-certificate-api","timestamp":"2025-06-25 09:48:40"}
{"level":"info","message":"API Prefix: /api/v1","service":"digital-certificate-api","timestamp":"2025-06-25 09:48:40"}
{"level":"info","message":"✅ Environment variables validated","service":"digital-certificate-api","timestamp":"2025-06-25 09:48:40"}
{"level":"info","message":"🚀 Starting eAttestation API Server...","service":"digital-certificate-api","timestamp":"2025-06-25 09:49:03"}
{"level":"info","message":"🚀 Starting eAttestation API Server...","service":"digital-certificate-api","timestamp":"2025-06-25 09:49:20"}
{"level":"info","message":"Environment: development","service":"digital-certificate-api","timestamp":"2025-06-25 09:49:20"}
{"level":"info","message":"Port: 3000","service":"digital-certificate-api","timestamp":"2025-06-25 09:49:20"}
{"level":"info","message":"API Prefix: /api/v1","service":"digital-certificate-api","timestamp":"2025-06-25 09:49:20"}
{"level":"info","message":"✅ Environment variables validated","service":"digital-certificate-api","timestamp":"2025-06-25 09:49:20"}
{"level":"info","message":"🚀 Starting eAttestation API Server...","service":"digital-certificate-api","timestamp":"2025-06-25 09:49:43"}
{"level":"info","message":"Environment: development","service":"digital-certificate-api","timestamp":"2025-06-25 09:49:43"}
{"level":"info","message":"Port: 3000","service":"digital-certificate-api","timestamp":"2025-06-25 09:49:43"}
{"level":"info","message":"API Prefix: /api/v1","service":"digital-certificate-api","timestamp":"2025-06-25 09:49:43"}
{"level":"info","message":"✅ Environment variables validated","service":"digital-certificate-api","timestamp":"2025-06-25 09:49:43"}
{"level":"error","message":"❌ Failed to start server:","service":"digital-certificate-api","timestamp":"2025-06-25 09:49:43"}
{"level":"info","message":"🚀 Starting eAttestation API Server...","service":"digital-certificate-api","timestamp":"2025-06-25 09:50:33"}
{"level":"info","message":"Environment: development","service":"digital-certificate-api","timestamp":"2025-06-25 09:50:33"}
{"level":"info","message":"Port: 3000","service":"digital-certificate-api","timestamp":"2025-06-25 09:50:33"}
{"level":"info","message":"API Prefix: /api/v1","service":"digital-certificate-api","timestamp":"2025-06-25 09:50:33"}
{"level":"info","message":"✅ Environment variables validated","service":"digital-certificate-api","timestamp":"2025-06-25 09:50:33"}
{"level":"error","message":"❌ Failed to start server:","service":"digital-certificate-api","timestamp":"2025-06-25 09:50:33"}
{"level":"info","message":"🚀 Starting eAttestation API Server...","service":"digital-certificate-api","timestamp":"2025-06-25 09:51:04"}
{"level":"info","message":"🚀 Starting eAttestation API Server...","service":"digital-certificate-api","timestamp":"2025-06-25 09:53:50"}
{"level":"info","message":"Environment: development","service":"digital-certificate-api","timestamp":"2025-06-25 09:53:50"}
{"level":"info","message":"Port: 3000","service":"digital-certificate-api","timestamp":"2025-06-25 09:53:50"}
{"level":"info","message":"API Prefix: /api/v1","service":"digital-certificate-api","timestamp":"2025-06-25 09:53:50"}
{"level":"info","message":"✅ Environment variables validated","service":"digital-certificate-api","timestamp":"2025-06-25 09:53:50"}
{"level":"info","message":"🚀 Starting eAttestation API Server...","service":"digital-certificate-api","timestamp":"2025-06-25 09:54:36"}
{"level":"info","message":"Environment: development","service":"digital-certificate-api","timestamp":"2025-06-25 09:54:36"}
{"level":"info","message":"Port: 3000","service":"digital-certificate-api","timestamp":"2025-06-25 09:54:36"}
{"level":"info","message":"API Prefix: /api/v1","service":"digital-certificate-api","timestamp":"2025-06-25 09:54:36"}
{"level":"info","message":"✅ Environment variables validated","service":"digital-certificate-api","timestamp":"2025-06-25 09:54:36"}
{"level":"error","message":"❌ Failed to start server:","service":"digital-certificate-api","timestamp":"2025-06-25 09:54:36"}
{"level":"info","message":"🚀 Starting eAttestation API Server...","service":"digital-certificate-api","timestamp":"2025-06-25 10:01:04"}
{"level":"info","message":"🚀 Starting eAttestation API Server...","service":"digital-certificate-api","timestamp":"2025-06-25 10:02:52"}
{"level":"info","message":"Environment: development","service":"digital-certificate-api","timestamp":"2025-06-25 10:02:52"}
{"level":"info","message":"Port: 3000","service":"digital-certificate-api","timestamp":"2025-06-25 10:02:52"}
{"level":"info","message":"API Prefix: /api/v1","service":"digital-certificate-api","timestamp":"2025-06-25 10:02:52"}
{"level":"info","message":"✅ Environment variables validated","service":"digital-certificate-api","timestamp":"2025-06-25 10:02:52"}
{"level":"info","message":"🚀 Starting eAttestation API Server...","service":"digital-certificate-api","timestamp":"2025-06-25 10:03:07"}
{"level":"info","message":"Environment: development","service":"digital-certificate-api","timestamp":"2025-06-25 10:03:07"}
{"level":"info","message":"Port: 3000","service":"digital-certificate-api","timestamp":"2025-06-25 10:03:07"}
{"level":"info","message":"API Prefix: /api/v1","service":"digital-certificate-api","timestamp":"2025-06-25 10:03:07"}
{"level":"info","message":"✅ Environment variables validated","service":"digital-certificate-api","timestamp":"2025-06-25 10:03:07"}
{"level":"info","message":"🚀 Starting eAttestation API Server...","service":"digital-certificate-api","timestamp":"2025-06-25 10:05:10"}
{"level":"info","message":"🚀 Starting eAttestation API Server...","service":"digital-certificate-api","timestamp":"2025-06-25 10:06:20"}
{"level":"info","message":"Environment: development","service":"digital-certificate-api","timestamp":"2025-06-25 10:06:20"}
{"level":"info","message":"Port: 3000","service":"digital-certificate-api","timestamp":"2025-06-25 10:06:20"}
{"level":"info","message":"API Prefix: /api/v1","service":"digital-certificate-api","timestamp":"2025-06-25 10:06:20"}
{"level":"info","message":"✅ Environment variables validated","service":"digital-certificate-api","timestamp":"2025-06-25 10:06:20"}
{"level":"error","message":"❌ Failed to start server:","service":"digital-certificate-api","timestamp":"2025-06-25 10:06:20"}
{"level":"info","message":"🚀 Starting eAttestation API Server...","service":"digital-certificate-api","timestamp":"2025-06-25 10:06:45"}
{"level":"info","message":"🚀 Starting eAttestation API Server...","service":"digital-certificate-api","timestamp":"2025-06-25 10:46:44"}
{"level":"info","message":"Environment: development","service":"digital-certificate-api","timestamp":"2025-06-25 10:46:44"}
{"level":"info","message":"Port: 3000","service":"digital-certificate-api","timestamp":"2025-06-25 10:46:44"}
{"level":"info","message":"API Prefix: /api/v1","service":"digital-certificate-api","timestamp":"2025-06-25 10:46:44"}
{"level":"info","message":"✅ Environment variables validated","service":"digital-certificate-api","timestamp":"2025-06-25 10:46:44"}
{"level":"error","message":"❌ Failed to start server:","service":"digital-certificate-api","timestamp":"2025-06-25 10:46:44"}
{"level":"info","message":"🚀 Starting eAttestation API Server...","service":"digital-certificate-api","timestamp":"2025-06-25 14:40:47"}
{"level":"info","message":"Environment: development","service":"digital-certificate-api","timestamp":"2025-06-25 14:40:47"}
{"level":"info","message":"Port: 3000","service":"digital-certificate-api","timestamp":"2025-06-25 14:40:47"}
{"level":"info","message":"API Prefix: /api/v1","service":"digital-certificate-api","timestamp":"2025-06-25 14:40:47"}
{"level":"info","message":"✅ Environment variables validated","service":"digital-certificate-api","timestamp":"2025-06-25 14:40:47"}
{"level":"error","message":"❌ Failed to start server:","service":"digital-certificate-api","timestamp":"2025-06-25 14:40:47"}
{"level":"info","message":"🚀 Starting eAttestation API Server...","service":"digital-certificate-api","timestamp":"2025-06-25 14:40:58"}
{"level":"info","message":"Environment: development","service":"digital-certificate-api","timestamp":"2025-06-25 14:40:58"}
{"level":"info","message":"Port: 3000","service":"digital-certificate-api","timestamp":"2025-06-25 14:40:58"}
{"level":"info","message":"API Prefix: /api/v1","service":"digital-certificate-api","timestamp":"2025-06-25 14:40:58"}
{"level":"info","message":"✅ Environment variables validated","service":"digital-certificate-api","timestamp":"2025-06-25 14:40:58"}
{"level":"error","message":"❌ Failed to start server:","service":"digital-certificate-api","timestamp":"2025-06-25 14:40:58"}
{"level":"info","message":"🚀 Starting eAttestation API Server...","service":"digital-certificate-api","timestamp":"2025-06-25 14:46:49"}
{"level":"info","message":"Environment: development","service":"digital-certificate-api","timestamp":"2025-06-25 14:46:49"}
{"level":"info","message":"Port: 3000","service":"digital-certificate-api","timestamp":"2025-06-25 14:46:49"}
{"level":"info","message":"API Prefix: /api/v1","service":"digital-certificate-api","timestamp":"2025-06-25 14:46:49"}
{"level":"info","message":"✅ Environment variables validated","service":"digital-certificate-api","timestamp":"2025-06-25 14:46:49"}
{"level":"error","message":"❌ Failed to start server:","service":"digital-certificate-api","timestamp":"2025-06-25 14:46:49"}
{"level":"info","message":"🚀 Starting eAttestation API Server...","service":"digital-certificate-api","timestamp":"2025-06-25 14:59:32"}
{"level":"info","message":"Environment: development","service":"digital-certificate-api","timestamp":"2025-06-25 14:59:32"}
{"level":"info","message":"Port: 3000","service":"digital-certificate-api","timestamp":"2025-06-25 14:59:32"}
{"level":"info","message":"API Prefix: /api/v1","service":"digital-certificate-api","timestamp":"2025-06-25 14:59:32"}
{"level":"info","message":"✅ Environment variables validated","service":"digital-certificate-api","timestamp":"2025-06-25 14:59:32"}
{"level":"error","message":"❌ Failed to start server:","service":"digital-certificate-api","timestamp":"2025-06-25 14:59:33"}
{"level":"info","message":"🚀 Starting eAttestation API Server...","service":"digital-certificate-api","timestamp":"2025-06-25 15:11:07"}
{"level":"info","message":"Environment: development","service":"digital-certificate-api","timestamp":"2025-06-25 15:11:07"}
{"level":"info","message":"Port: 3000","service":"digital-certificate-api","timestamp":"2025-06-25 15:11:07"}
{"level":"info","message":"API Prefix: /api/v1","service":"digital-certificate-api","timestamp":"2025-06-25 15:11:07"}
{"level":"info","message":"✅ Environment variables validated","service":"digital-certificate-api","timestamp":"2025-06-25 15:11:07"}
{"level":"error","message":"❌ Failed to start server:","service":"digital-certificate-api","timestamp":"2025-06-25 15:11:09"}
{"level":"info","message":"🚀 Starting eAttestation API Server...","service":"digital-certificate-api","timestamp":"2025-06-25 15:12:51"}
{"level":"info","message":"Environment: development","service":"digital-certificate-api","timestamp":"2025-06-25 15:12:51"}
{"level":"info","message":"Port: 3000","service":"digital-certificate-api","timestamp":"2025-06-25 15:12:51"}
{"level":"info","message":"API Prefix: /api/v1","service":"digital-certificate-api","timestamp":"2025-06-25 15:12:51"}
{"level":"info","message":"✅ Environment variables validated","service":"digital-certificate-api","timestamp":"2025-06-25 15:12:51"}
{"level":"error","message":"❌ Failed to start server:","service":"digital-certificate-api","timestamp":"2025-06-25 15:12:52"}
{"level":"info","message":"🚀 Starting eAttestation API Server...","service":"digital-certificate-api","timestamp":"2025-06-25 15:19:56"}
{"level":"info","message":"Environment: development","service":"digital-certificate-api","timestamp":"2025-06-25 15:19:56"}
{"level":"info","message":"Port: 3000","service":"digital-certificate-api","timestamp":"2025-06-25 15:19:56"}
{"level":"info","message":"API Prefix: /api/v1","service":"digital-certificate-api","timestamp":"2025-06-25 15:19:56"}
{"level":"info","message":"✅ Environment variables validated","service":"digital-certificate-api","timestamp":"2025-06-25 15:19:56"}
{"level":"info","message":"✅ i18next initialized successfully","service":"digital-certificate-api","timestamp":"2025-06-25 15:19:57"}
{"level":"info","message":"✅ Application middleware initialized","service":"digital-certificate-api","timestamp":"2025-06-25 15:19:57"}
{"level":"info","message":"✅ Asaci services initialized successfully","service":"digital-certificate-api","timestamp":"2025-06-25 15:19:57"}
{"level":"info","message":"✅ Asaci routes mounted at: /asaci","service":"digital-certificate-api","timestamp":"2025-06-25 15:19:57"}
{"level":"info","message":"✅ Health routes mounted at: /health","service":"digital-certificate-api","timestamp":"2025-06-25 15:19:57"}
{"level":"info","message":"✅ All application routes initialized successfully","service":"digital-certificate-api","timestamp":"2025-06-25 15:19:57"}
{"level":"info","message":"✅ Application routes initialized successfully","service":"digital-certificate-api","timestamp":"2025-06-25 15:19:57"}
{"level":"info","message":"✅ Error handlers initialized","service":"digital-certificate-api","timestamp":"2025-06-25 15:19:57"}
{"level":"info","message":"✅ Application created successfully","service":"digital-certificate-api","timestamp":"2025-06-25 15:19:57"}
{"level":"warn","message":"⚠️ Asaci credentials not provided. Services will require manual authentication","service":"digital-certificate-api","timestamp":"2025-06-25 15:19:57"}
{"level":"info","message":"✅ Application initialized successfully","service":"digital-certificate-api","timestamp":"2025-06-25 15:19:57"}
{"level":"info","message":"🚀 Server running on port 3000","service":"digital-certificate-api","timestamp":"2025-06-25 15:19:57"}
{"level":"info","message":"📚 API Documentation: http://localhost:3000/api/v1/docs","service":"digital-certificate-api","timestamp":"2025-06-25 15:19:57"}
{"level":"info","message":"🏥 Health Check: http://localhost:3000/health","service":"digital-certificate-api","timestamp":"2025-06-25 15:19:57"}
{"level":"info","message":"🏥 Asaci Health Check: http://localhost:3000/health/asaci","service":"digital-certificate-api","timestamp":"2025-06-25 15:19:57"}
{"level":"info","message":"🔗 API base URL: http://localhost:3000/api/v1","service":"digital-certificate-api","timestamp":"2025-06-25 15:19:57"}
{"level":"info","message":"📊 Environment: development","service":"digital-certificate-api","timestamp":"2025-06-25 15:19:57"}
{"level":"info","message":"\n📍 Available Asaci Routes:","service":"digital-certificate-api","timestamp":"2025-06-25 15:19:57"}
{"level":"info","message":"POST /api/v1/asaci/auth/login - Asaci Authentication","service":"digital-certificate-api","timestamp":"2025-06-25 15:19:57"}
{"level":"info","message":"GET  /api/v1/asaci/auth/user - Current User Info","service":"digital-certificate-api","timestamp":"2025-06-25 15:19:57"}
{"level":"info","message":"POST /api/v1/asaci/attestations/productions - Create Production Request","service":"digital-certificate-api","timestamp":"2025-06-25 15:19:57"}
{"level":"info","message":"GET  /api/v1/asaci/attestations/certificates - List Certificates","service":"digital-certificate-api","timestamp":"2025-06-25 15:19:57"}
{"level":"info","message":"POST /api/v1/asaci/attestations/orders - Create Order","service":"digital-certificate-api","timestamp":"2025-06-25 15:19:57"}
{"level":"info","message":"POST /api/v1/asaci/attestations/transactions - Create Transaction","service":"digital-certificate-api","timestamp":"2025-06-25 15:19:57"}
{"level":"info","message":"... and more Asaci endpoints","service":"digital-certificate-api","timestamp":"2025-06-25 15:19:57"}
{"level":"info","message":"\n🎯 Server ready to accept requests!","service":"digital-certificate-api","timestamp":"2025-06-25 15:19:57"}
{"level":"info","message":"📊 Startup Health Check: healthy","service":"digital-certificate-api","timestamp":"2025-06-25 15:19:59"}
{"level":"info","message":"✅ All services are operational","service":"digital-certificate-api","timestamp":"2025-06-25 15:19:59"}
{"level":"info","message":"🔄 Received SIGINT. Starting graceful shutdown...","service":"digital-certificate-api","timestamp":"2025-06-25 15:23:05"}
